<?xml version="1.0" encoding="UTF-8"?>
<testsuite xmlns:xsi="http://www.w3.org/2001/XMLSchema-instance" xsi:noNamespaceSchemaLocation="https://maven.apache.org/surefire/maven-surefire-plugin/xsd/surefire-test-report.xsd" version="3.0.2" name="tn.iteam.MsCustomerApplicationTests" time="16.562" tests="1" errors="0" skipped="0" failures="0">
  <properties>
[...]
</properties>
  <testcase name="contextLoads" classname="tn.iteam.MsCustomerApplicationTests" time="0.918">
    <system-out><![CDATA[13:19:53.152 [main] INFO org.springframework.test.context.support.AnnotationConfigContextLoaderUtils -- Could not detect default configuration classes for test class [tn.iteam.MsCustomerApplicationTests]: MsCustomerApplicationTests does not declare any static, non-private, non-final, nested classes annotated with @Configuration.
13:19:53.610 [main] INFO org.springframework.boot.test.context.SpringBootTestContextBootstrapper -- Found @SpringBootConfiguration tn.iteam.MsCustomerApplication for test class tn.iteam.MsCustomerApplicationTests

  .   ____          _            __ _ _
 /\\ / ___'_ __ _ _(_)_ __  __ _ \ \ \ \
( ( )\___ | '_ | '_| | '_ \/ _` | \ \ \ \
 \\/  ___)| |_)| | | | | || (_| |  ) ) ) )
  '  |____| .__|_| |_|_| |_\__, | / / / /
 =========|_|==============|___/=/_/_/_/

 :: Spring Boot ::                (v3.4.2)

2025-02-24T13:19:56.266+01:00  INFO 4152 --- [           main] tn.iteam.MsCustomerApplicationTests      : Starting MsCustomerApplicationTests using Java 17.0.14 with PID 4152 (started by oussama in /home/oussama/JavaApplication/core-banking/ms-customer)
2025-02-24T13:19:56.272+01:00  INFO 4152 --- [           main] tn.iteam.MsCustomerApplicationTests      : The following 1 profile is active: "test"
2025-02-24T13:19:58.383+01:00  INFO 4152 --- [           main] .s.d.r.c.RepositoryConfigurationDelegate : Bootstrapping Spring Data JPA repositories in DEFAULT mode.
2025-02-24T13:19:58.683+01:00  INFO 4152 --- [           main] .s.d.r.c.RepositoryConfigurationDelegate : Finished Spring Data repository scanning in 275 ms. Found 1 JPA repository interface.
2025-02-24T13:19:59.145+01:00  INFO 4152 --- [           main] o.s.cloud.context.scope.GenericScope     : BeanFactory id=eb1d873d-d49f-3fab-8deb-c43adc81bf3c
2025-02-24T13:19:59.968+01:00  INFO 4152 --- [           main] com.zaxxer.hikari.HikariDataSource       : HikariPool-1 - Starting...
2025-02-24T13:20:00.415+01:00  INFO 4152 --- [           main] com.zaxxer.hikari.pool.HikariPool        : HikariPool-1 - Added connection conn0: url=jdbc:h2:file:/app/data/customerdb user=SA
2025-02-24T13:20:00.418+01:00  INFO 4152 --- [           main] com.zaxxer.hikari.HikariDataSource       : HikariPool-1 - Start completed.
2025-02-24T13:20:00.597+01:00  INFO 4152 --- [           main] o.hibernate.jpa.internal.util.LogHelper  : HHH000204: Processing PersistenceUnitInfo [name: default]
2025-02-24T13:20:00.770+01:00  INFO 4152 --- [           main] org.hibernate.Version                    : HHH000412: Hibernate ORM core version 6.6.5.Final
2025-02-24T13:20:00.842+01:00  INFO 4152 --- [           main] o.h.c.internal.RegionFactoryInitiator    : HHH000026: Second-level cache disabled
2025-02-24T13:20:01.618+01:00  INFO 4152 --- [           main] o.s.o.j.p.SpringPersistenceUnitInfo      : No LoadTimeWeaver setup: ignoring JPA class transformer
2025-02-24T13:20:01.727+01:00  WARN 4152 --- [           main] org.hibernate.orm.deprecation            : HHH90000025: H2Dialect does not need to be specified explicitly using 'hibernate.dialect' (remove the property setting and it will be selected by default)
2025-02-24T13:20:01.763+01:00  INFO 4152 --- [           main] org.hibernate.orm.connections.pooling    : HHH10001005: Database info:
	Database JDBC URL [Connecting through datasource 'HikariDataSource (HikariPool-1)']
	Database driver: undefined/unknown
	Database version: 2.3.232
	Autocommit mode: undefined/unknown
	Isolation level: undefined/unknown
	Minimum pool size: undefined/unknown
	Maximum pool size: undefined/unknown
Hibernate: create global temporary table HTE_customer(rn_ integer not null, customer_id bigint, email varchar(255), first_name varchar(255), last_name varchar(255), mobile_number varchar(255), primary key (rn_)) TRANSACTIONAL
2025-02-24T13:20:03.539+01:00  INFO 4152 --- [           main] o.h.e.t.j.p.i.JtaPlatformInitiator       : HHH000489: No JTA platform available (set 'hibernate.transaction.jta.platform' to enable JTA platform integration)
2025-02-24T13:20:03.593+01:00  INFO 4152 --- [           main] j.LocalContainerEntityManagerFactoryBean : Initialized JPA EntityManagerFactory for persistence unit 'default'
2025-02-24T13:20:04.540+01:00  WARN 4152 --- [           main] JpaBaseConfiguration$JpaWebConfiguration : spring.jpa.open-in-view is enabled by default. Therefore, database queries may be performed during view rendering. Explicitly configure spring.jpa.open-in-view to disable this warning
2025-02-24T13:20:06.471+01:00  INFO 4152 --- [           main] o.s.b.a.h2.H2ConsoleAutoConfiguration    : H2 console available at '/h2-console'. Database available at 'jdbc:h2:file:/app/data/customerdb'
2025-02-24T13:20:07.623+01:00  INFO 4152 --- [           main] o.s.cloud.commons.util.InetUtils         : Cannot determine local hostname
2025-02-24T13:20:07.788+01:00  INFO 4152 --- [           main] DiscoveryClientOptionalArgsConfiguration : Eureka HTTP Client uses RestTemplate.
2025-02-24T13:20:07.945+01:00  WARN 4152 --- [           main] iguration$LoadBalancerCaffeineWarnLogger : Spring Cloud LoadBalancer is currently working with the default cache. While this cache implementation is useful for development and tests, it's recommended to use Caffeine cache in production.You can switch to using Caffeine cache, by adding it and org.springframework.cache.caffeine.CaffeineCacheManager to the classpath.
2025-02-24T13:20:07.968+01:00  INFO 4152 --- [           main] o.s.b.a.e.web.EndpointLinksResolver      : Exposing 1 endpoint beneath base path '/actuator'
2025-02-24T13:20:08.132+01:00  INFO 4152 --- [           main] tn.iteam.MsCustomerApplicationTests      : Started MsCustomerApplicationTests in 13.883 seconds (process running for 16.632)
]]></system-out>
  </testcase>
</testsuite>